<?xml version='1.0' encoding='UTF-8'?>
<testsuite hostname="ethansmith" name="GradedTestSuiteTwo" tests="4" errors="0" failures="0" time="0.048">
                     <properties>
[...]
</properties>
                     <testcase classname="GradedTestSuiteTwo" name="board is solvable" time="0.035">
                                                 
                                               </testcase><testcase classname="GradedTestSuiteTwo" name="board with duplicate values isUnsolvable" time="0.011">
                                                 
                                               </testcase><testcase classname="GradedTestSuiteTwo" name="isSolved returns true for legitimately solved board" time="0.001">
                                                 
                                               </testcase><testcase classname="GradedTestSuiteTwo" name="isSolved returns false for incomplete board" time="0.001">
                                                 
                                               </testcase>
                     <system-out></system-out>
                     <system-err></system-err>
                   </testsuite>