<?xml version='1.0' encoding='UTF-8'?>
<testsuite hostname="ethansmith" name="TestSuite" tests="8" errors="0" failures="1" time="0.45">
                     <properties>
[...]
</properties>
                     <testcase classname="TestSuite" name="parse" time="0.005">
                                                 
                                               </testcase><testcase classname="TestSuite" name="full board isSolved for some invaled, but fully filled board" time="0.003">
                                                 
                                               </testcase><testcase classname="TestSuite" name="board isUnsolvable" time="0.003">
                                                 
                                               </testcase><testcase classname="TestSuite" name="given test boards are solvable" time="0.033">
                                                 
                                               </testcase><testcase classname="TestSuite" name="place works correctly" time="0.012">
                                                 
                                               </testcase><testcase classname="TestSuite" name="solved works for solved board" time="0.004">
                                                 
                                               </testcase><testcase classname="TestSuite" name="solve for easy" time="0.024">
                                                 <failure message="None (of class scala.None$)" type="sbt.ForkMain$ForkError">sbt.ForkMain$ForkError: None (of class scala.None$)
	at TestSuite$$anonfun$7.apply$mcV$sp(TestSuite.scala:47)
	at TestSuite$$anonfun$7.apply(TestSuite.scala:44)
	at TestSuite$$anonfun$7.apply(TestSuite.scala:44)
	at org.scalatest.Transformer$$anonfun$apply$1.apply$mcV$sp(Transformer.scala:22)
	at org.scalatest.OutcomeOf$class.outcomeOf(OutcomeOf.scala:85)
	at org.scalatest.OutcomeOf$.outcomeOf(OutcomeOf.scala:104)
	at org.scalatest.Transformer.apply(Transformer.scala:22)
	at org.scalatest.Transformer.apply(Transformer.scala:20)
	at org.scalatest.FunSuiteLike$$anon$1.apply(FunSuiteLike.scala:166)
	at org.scalatest.Suite$class.withFixture(Suite.scala:1122)
	at org.scalatest.FunSuite.withFixture(FunSuite.scala:1555)
	at org.scalatest.FunSuiteLike$class.invokeWithFixture$1(FunSuiteLike.scala:163)
	at org.scalatest.FunSuiteLike$$anonfun$runTest$1.apply(FunSuiteLike.scala:175)
	at org.scalatest.FunSuiteLike$$anonfun$runTest$1.apply(FunSuiteLike.scala:175)
	at org.scalatest.SuperEngine.runTestImpl(Engine.scala:306)
	at org.scalatest.FunSuiteLike$class.runTest(FunSuiteLike.scala:175)
	at org.scalatest.FunSuite.runTest(FunSuite.scala:1555)
	at org.scalatest.FunSuiteLike$$anonfun$runTests$1.apply(FunSuiteLike.scala:208)
	at org.scalatest.FunSuiteLike$$anonfun$runTests$1.apply(FunSuiteLike.scala:208)
	at org.scalatest.SuperEngine$$anonfun$traverseSubNodes$1$1.apply(Engine.scala:413)
	at org.scalatest.SuperEngine$$anonfun$traverseSubNodes$1$1.apply(Engine.scala:401)
	at scala.collection.immutable.List.foreach(List.scala:381)
	at org.scalatest.SuperEngine.traverseSubNodes$1(Engine.scala:401)
	at org.scalatest.SuperEngine.org$scalatest$SuperEngine$$runTestsInBranch(Engine.scala:396)
	at org.scalatest.SuperEngine.runTestsImpl(Engine.scala:483)
	at org.scalatest.FunSuiteLike$class.runTests(FunSuiteLike.scala:208)
	at org.scalatest.FunSuite.runTests(FunSuite.scala:1555)
	at org.scalatest.Suite$class.run(Suite.scala:1424)
	at org.scalatest.FunSuite.org$scalatest$FunSuiteLike$$super$run(FunSuite.scala:1555)
	at org.scalatest.FunSuiteLike$$anonfun$run$1.apply(FunSuiteLike.scala:212)
	at org.scalatest.FunSuiteLike$$anonfun$run$1.apply(FunSuiteLike.scala:212)
	at org.scalatest.SuperEngine.runImpl(Engine.scala:545)
	at org.scalatest.FunSuiteLike$class.run(FunSuiteLike.scala:212)
	at org.scalatest.FunSuite.run(FunSuite.scala:1555)
	at org.scalatest.tools.Framework.org$scalatest$tools$Framework$$runSuite(Framework.scala:462)
	at org.scalatest.tools.Framework$ScalaTestTask.execute(Framework.scala:671)
	at sbt.ForkMain$Run$2.call(ForkMain.java:294)
	at sbt.ForkMain$Run$2.call(ForkMain.java:284)
	at java.util.concurrent.FutureTask.run(FutureTask.java:266)
	at java.util.concurrent.ThreadPoolExecutor.runWorker(ThreadPoolExecutor.java:1142)
	at java.util.concurrent.ThreadPoolExecutor$Worker.run(ThreadPoolExecutor.java:617)
	at java.lang.Thread.run(Thread.java:745)
</failure>
                                               </testcase><testcase classname="TestSuite" name="Test Solved" time="0.366">
                                                 
                                               </testcase>
                     <system-out></system-out>
                     <system-err></system-err>
                   </testsuite>